d:\d_documents\[d]_doc\khtn\junior\[cs411]computer_graphics\lab\a03\cs411-cg-lab03\18125129_lab03\lab03\debug\vc142.pdb
d:\d_documents\[d]_doc\khtn\junior\[cs411]computer_graphics\lab\a03\cs411-cg-lab03\18125129_lab03\lab03\debug\vc142.idb
d:\d_documents\[d]_doc\khtn\junior\[cs411]computer_graphics\lab\a03\cs411-cg-lab03\18125129_lab03\lab03\debug\shape.obj
d:\d_documents\[d]_doc\khtn\junior\[cs411]computer_graphics\lab\a03\cs411-cg-lab03\18125129_lab03\lab03\debug\painter.obj
d:\th-hể\cs411-cg-lab03\18125129_lab03\lab03\debug\vc142.pdb
d:\th-hể\cs411-cg-lab03\18125129_lab03\lab03\debug\vc142.idb
d:\th-hể\cs411-cg-lab03\18125129_lab03\lab03\debug\shape.obj
d:\th-hể\cs411-cg-lab03\18125129_lab03\lab03\debug\painter.obj
d:\th-hể\cs411-cg-lab03\18125129_lab03\lab03\debug\main.obj
d:\th-hể\cs411-cg-lab03\18125129_lab03\debug\lab03.pdb
d:\th-hể\cs411-cg-lab03\18125129_lab03\lab03\debug\lab03.tlog\cl.command.1.tlog
d:\th-hể\cs411-cg-lab03\18125129_lab03\lab03\debug\lab03.tlog\cl.read.1.tlog
d:\th-hể\cs411-cg-lab03\18125129_lab03\lab03\debug\lab03.tlog\cl.write.1.tlog
d:\th-hể\cs411-cg-lab03\18125129_lab03\lab03\debug\lab03.tlog\link-cvtres.read.1.tlog
d:\th-hể\cs411-cg-lab03\18125129_lab03\lab03\debug\lab03.tlog\link-cvtres.write.1.tlog
d:\th-hể\cs411-cg-lab03\18125129_lab03\lab03\debug\lab03.tlog\link-rc.read.1.tlog
d:\th-hể\cs411-cg-lab03\18125129_lab03\lab03\debug\lab03.tlog\link-rc.write.1.tlog
d:\th-hể\cs411-cg-lab03\18125129_lab03\lab03\debug\lab03.tlog\link.command.1.tlog
d:\th-hể\cs411-cg-lab03\18125129_lab03\lab03\debug\lab03.tlog\link.read.1.tlog
d:\th-hể\cs411-cg-lab03\18125129_lab03\lab03\debug\lab03.tlog\link.write.1.tlog
